0 info it worked if it ends with ok
1 verbose cli [ '/usr/local/bin/node', '/usr/local/bin/npm', 'publish' ]
2 info using npm@3.10.10
3 info using node@v6.9.5
4 verbose publish [ '.' ]
5 silly cache add args [ '.', null ]
6 verbose cache add spec .
7 silly cache add parsed spec Result {
7 silly cache add   raw: '.',
7 silly cache add   scope: null,
7 silly cache add   escapedName: null,
7 silly cache add   name: null,
7 silly cache add   rawSpec: '.',
7 silly cache add   spec: '/Users/zouweiyun/Documents/aaa/react-boilerplate/generator-react-yunxu',
7 silly cache add   type: 'directory' }
8 verbose addLocalDirectory /Users/zouweiyun/.npm/generator-react-yunxu/1.0.0/package.tgz not in flight; packing
9 verbose correctMkdir /Users/zouweiyun/.npm correctMkdir not in flight; initializing
10 info lifecycle generator-react-yunxu@1.0.0~prepublish: generator-react-yunxu@1.0.0
11 silly lifecycle generator-react-yunxu@1.0.0~prepublish: no script for prepublish, continuing
12 verbose tar pack [ '/Users/zouweiyun/.npm/generator-react-yunxu/1.0.0/package.tgz',
12 verbose tar pack   '/Users/zouweiyun/Documents/aaa/react-boilerplate/generator-react-yunxu' ]
13 verbose tarball /Users/zouweiyun/.npm/generator-react-yunxu/1.0.0/package.tgz
14 verbose folder /Users/zouweiyun/Documents/aaa/react-boilerplate/generator-react-yunxu
15 verbose addLocalTarball adding from inside cache /Users/zouweiyun/.npm/generator-react-yunxu/1.0.0/package.tgz
16 verbose correctMkdir /Users/zouweiyun/.npm correctMkdir not in flight; initializing
17 silly cache afterAdd generator-react-yunxu@1.0.0
18 verbose afterAdd /Users/zouweiyun/.npm/generator-react-yunxu/1.0.0/package/package.json not in flight; writing
19 verbose correctMkdir /Users/zouweiyun/.npm correctMkdir not in flight; initializing
20 verbose afterAdd /Users/zouweiyun/.npm/generator-react-yunxu/1.0.0/package/package.json written
21 silly publish { name: 'generator-react-yunxu',
21 silly publish   version: '1.0.0',
21 silly publish   description: 'react脚手架',
21 silly publish   homepage: '',
21 silly publish   author: { name: 'weiyun.zwy', email: 'weiyun.zwy@alibaba-inc.com' },
21 silly publish   files: [ 'generators' ],
21 silly publish   main: 'generators/index.js',
21 silly publish   keywords: [ 'react', 'yeoman-generator' ],
21 silly publish   devDependencies:
21 silly publish    { 'yeoman-test': '^1.6.0',
21 silly publish      'yeoman-assert': '^3.0.0',
21 silly publish      coveralls: '^2.13.1',
21 silly publish      nsp: '^2.6.3',
21 silly publish      eslint: '^4.1.0',
21 silly publish      'eslint-config-xo-space': '^0.16.0',
21 silly publish      jest: '^19.0.2',
21 silly publish      'jest-cli': '^20.0.0' },
21 silly publish   dependencies:
21 silly publish    { 'yeoman-generator': '^1.0.0',
21 silly publish      chalk: '^1.1.3',
21 silly publish      yosay: '^2.0.0' },
21 silly publish   jest: { testEnvironment: 'node' },
21 silly publish   scripts: { pretest: 'eslint . --fix', test: 'jest' },
21 silly publish   eslintConfig: { extends: 'xo-space', env: { jest: true, node: true } },
21 silly publish   repository:
21 silly publish    { type: 'git',
21 silly publish      url: 'git@gitlab.alibaba-inc.com:weiyun.zwy/react-boilerplate.git' },
21 silly publish   license: 'MIT',
21 silly publish   readme: '# generator-react-yunxu [![NPM version][npm-image]][npm-url] [![Build Status][travis-image]][travis-url] [![Dependency Status][daviddm-image]][daviddm-url] [![Coverage percentage][coveralls-image]][coveralls-url]\n> react脚手架\n\n## Installation\n\nFirst, install [Yeoman](http://yeoman.io) and generator-react-yunxu using [npm](https://www.npmjs.com/) (we assume you have pre-installed [node.js](https://nodejs.org/)).\n\n```bash\nnpm install -g yo\nnpm install -g generator-react-yunxu\n```\n\nThen generate your new project:\n\n```bash\nyo react-yunxu\n```\n\n## Getting To Know Yeoman\n\n * Yeoman has a heart of gold.\n * Yeoman is a person with feelings and opinions, but is very easy to work with.\n * Yeoman can be too opinionated at times but is easily convinced not to be.\n * Feel free to [learn more about Yeoman](http://yeoman.io/).\n\n## License\n\nMIT © [weiyun.zwy]()\n\n\n[npm-image]: https://badge.fury.io/js/generator-react-yunxu.svg\n[npm-url]: https://npmjs.org/package/generator-react-yunxu\n[travis-image]: https://travis-ci.org/misszou/generator-react-yunxu.svg?branch=master\n[travis-url]: https://travis-ci.org/misszou/generator-react-yunxu\n[daviddm-image]: https://david-dm.org/misszou/generator-react-yunxu.svg?theme=shields.io\n[daviddm-url]: https://david-dm.org/misszou/generator-react-yunxu\n[coveralls-image]: https://coveralls.io/repos/misszou/generator-react-yunxu/badge.svg\n[coveralls-url]: https://coveralls.io/r/misszou/generator-react-yunxu\n',
21 silly publish   readmeFilename: 'README.md',
21 silly publish   _id: 'generator-react-yunxu@1.0.0',
21 silly publish   _shasum: '11d05f4eb030f7e206384be1c500f10219866190',
21 silly publish   _from: '.' }
22 verbose getPublishConfig undefined
23 silly mapToRegistry name generator-react-yunxu
24 silly mapToRegistry using default registry
25 silly mapToRegistry registry https://registry.npmjs.org/
26 silly mapToRegistry data Result {
26 silly mapToRegistry   raw: 'generator-react-yunxu',
26 silly mapToRegistry   scope: null,
26 silly mapToRegistry   escapedName: 'generator-react-yunxu',
26 silly mapToRegistry   name: 'generator-react-yunxu',
26 silly mapToRegistry   rawSpec: '',
26 silly mapToRegistry   spec: 'latest',
26 silly mapToRegistry   type: 'tag' }
27 silly mapToRegistry uri https://registry.npmjs.org/generator-react-yunxu
28 verbose publish registryBase https://registry.npmjs.org/
29 silly publish uploading /Users/zouweiyun/.npm/generator-react-yunxu/1.0.0/package.tgz
30 verbose request uri https://registry.npmjs.org/generator-react-yunxu
31 verbose request sending authorization for write operation
32 info attempt registry request try #1 at 21:27:06
33 verbose request using bearer token for auth
34 verbose request id 78dba5e601299081
35 http request PUT https://registry.npmjs.org/generator-react-yunxu
36 http 403 https://registry.npmjs.org/generator-react-yunxu
37 verbose headers { 'content-type': 'application/json',
37 verbose headers   'cache-control': 'max-age=300',
37 verbose headers   'content-length': '104',
37 verbose headers   'accept-ranges': 'bytes',
37 verbose headers   date: 'Sat, 29 Jul 2017 13:27:07 GMT',
37 verbose headers   via: '1.1 varnish',
37 verbose headers   connection: 'keep-alive',
37 verbose headers   'x-served-by': 'cache-nrt6122-NRT',
37 verbose headers   'x-cache': 'MISS',
37 verbose headers   'x-cache-hits': '0',
37 verbose headers   'x-timer': 'S1501334827.849627,VS0,VE574',
37 verbose headers   vary: 'Accept-Encoding, Accept' }
38 verbose request invalidating /Users/zouweiyun/.npm/registry.npmjs.org/generator-react-yunxu on PUT
39 error publish Failed PUT 403
40 verbose stack Error: you must verify your email before publishing a new package: https://www.npmjs.com/email-edit : generator-react-yunxu
40 verbose stack     at makeError (/usr/local/lib/node_modules/npm/node_modules/npm-registry-client/lib/request.js:302:12)
40 verbose stack     at CachingRegistryClient.<anonymous> (/usr/local/lib/node_modules/npm/node_modules/npm-registry-client/lib/request.js:290:14)
40 verbose stack     at Request._callback (/usr/local/lib/node_modules/npm/node_modules/npm-registry-client/lib/request.js:210:14)
40 verbose stack     at Request.self.callback (/usr/local/lib/node_modules/npm/node_modules/request/request.js:187:22)
40 verbose stack     at emitTwo (events.js:106:13)
40 verbose stack     at Request.emit (events.js:191:7)
40 verbose stack     at Request.<anonymous> (/usr/local/lib/node_modules/npm/node_modules/request/request.js:1048:10)
40 verbose stack     at emitOne (events.js:96:13)
40 verbose stack     at Request.emit (events.js:188:7)
40 verbose stack     at IncomingMessage.<anonymous> (/usr/local/lib/node_modules/npm/node_modules/request/request.js:969:12)
41 verbose statusCode 403
42 verbose pkgid generator-react-yunxu
43 verbose cwd /Users/zouweiyun/Documents/aaa/react-boilerplate/generator-react-yunxu
44 error Darwin 16.6.0
45 error argv "/usr/local/bin/node" "/usr/local/bin/npm" "publish"
46 error node v6.9.5
47 error npm  v3.10.10
48 error code E403
49 error you must verify your email before publishing a new package: https://www.npmjs.com/email-edit : generator-react-yunxu
50 error If you need help, you may report this error at:
50 error     <https://github.com/npm/npm/issues>
51 verbose exit [ 1, true ]
